<?xml version="1.0" encoding="UTF-8"?>
<testng-results ignored="0" total="6" passed="6" failed="0" skipped="0">
  <reporter-output>
  </reporter-output>
  <suite started-at="2021-12-13T11:06:58 IST" name="Command line suite" finished-at="2021-12-13T11:06:58 IST" duration-ms="44">
    <groups>
    </groups>
    <test started-at="2021-12-13T11:06:58 IST" name="Command line test" finished-at="2021-12-13T11:06:58 IST" duration-ms="44">
      <class name="qaclickacademy.AppiumTest">
        <test-method signature="NativeAppAndroid()[pri:0, instance:qaclickacademy.AppiumTest@77888435]" started-at="2021-12-13T11:06:58 IST" name="NativeAppAndroid" finished-at="2021-12-13T11:06:58 IST" duration-ms="0" status="PASS">
          <reporter-output>
          </reporter-output>
        </test-method> <!-- NativeAppAndroid -->
        <test-method signature="IOSApps()[pri:0, instance:qaclickacademy.AppiumTest@77888435]" started-at="2021-12-13T11:06:58 IST" name="IOSApps" finished-at="2021-12-13T11:06:58 IST" duration-ms="0" status="PASS">
          <reporter-output>
          </reporter-output>
        </test-method> <!-- IOSApps -->
      </class> <!-- qaclickacademy.AppiumTest -->
      <class name="qaclickacademy.RESTAPITest">
        <test-method signature="deleteTwitter()[pri:0, instance:qaclickacademy.RESTAPITest@411f53a0]" started-at="2021-12-13T11:06:58 IST" name="deleteTwitter" finished-at="2021-12-13T11:06:58 IST" duration-ms="0" status="PASS">
          <reporter-output>
          </reporter-output>
        </test-method> <!-- deleteTwitter -->
        <test-method signature="postJira()[pri:0, instance:qaclickacademy.RESTAPITest@411f53a0]" started-at="2021-12-13T11:06:58 IST" name="postJira" finished-at="2021-12-13T11:06:58 IST" duration-ms="0" status="PASS">
          <reporter-output>
          </reporter-output>
        </test-method> <!-- postJira -->
      </class> <!-- qaclickacademy.RESTAPITest -->
      <class name="qaclickacademy.SeleniumTest">
        <test-method signature="BrowserAutomation()[pri:0, instance:qaclickacademy.SeleniumTest@2b71e916]" started-at="2021-12-13T11:06:58 IST" name="BrowserAutomation" finished-at="2021-12-13T11:06:58 IST" duration-ms="0" status="PASS">
          <reporter-output>
          </reporter-output>
        </test-method> <!-- BrowserAutomation -->
        <test-method signature="elementsUI()[pri:0, instance:qaclickacademy.SeleniumTest@2b71e916]" started-at="2021-12-13T11:06:58 IST" name="elementsUI" finished-at="2021-12-13T11:06:58 IST" duration-ms="0" status="PASS">
          <reporter-output>
          </reporter-output>
        </test-method> <!-- elementsUI -->
      </class> <!-- qaclickacademy.SeleniumTest -->
    </test> <!-- Command line test -->
  </suite> <!-- Command line suite -->
</testng-results>
